#
# There is insufficient memory for the Java Runtime Environment to continue.
# Native memory allocation (malloc) failed to allocate 996576 bytes for Chunk::new
# Possible reasons:
#   The system is out of physical RAM or swap space
#   The process is running with CompressedOops enabled, and the Java Heap may be blocking the growth of the native heap
# Possible solutions:
#   Reduce memory load on the system
#   Increase physical memory or swap space
#   Check if swap backing store is full
#   Decrease Java heap size (-Xmx/-Xms)
#   Decrease number of Java threads
#   Decrease Java thread stack sizes (-Xss)
#   Set larger code cache with -XX:ReservedCodeCacheSize=
#   JVM is running with Unscaled Compressed Oops mode in which the Java heap is
#     placed in the first 4GB address space. The Java Heap base address is the
#     maximum limit for the native heap growth. Please use -XX:HeapBaseMinAddress
#     to set the Java Heap base and to place the Java Heap above 4GB virtual address.
# This output file may be truncated or incomplete.
#
#  Out of Memory Error (arena.cpp:189), pid=12832, tid=21016
#
# JRE version: Java(TM) SE Runtime Environment (17.0.2+8) (build 17.0.2+8-LTS-86)
# Java VM: Java HotSpot(TM) 64-Bit Server VM (17.0.2+8-LTS-86, mixed mode, sharing, tiered, compressed oops, compressed class ptrs, g1 gc, windows-amd64)
# No core dump will be written. Minidumps are not enabled by default on client versions of Windows
#

---------------  S U M M A R Y ------------

Command Line: -Dfile.encoding=UTF-8 --module-path=C:\Users\Thiag\OneDrive\Documentos\NetBeansProjects\ThiagoThalesLaraValentina\build\classes thiagothalesvalentinalara.JanelaUm

Host: Intel(R) Core(TM) i5-9300HF CPU @ 2.40GHz, 4 cores, 7G,  Windows 11 , 64 bit Build 22000 (10.0.22000.708)
Time: Sun Jun 26 14:22:38 2022 Hora oficial do Brasil elapsed time: 51.992907 seconds (0d 0h 0m 51s)

---------------  T H R E A D  ---------------

Current thread (0x000002802419e890):  JavaThread "C2 CompilerThread0" daemon [_thread_in_native, id=21016, stack(0x000000defd800000,0x000000defd900000)]


Current CompileTask:
C2:  51993 2671       4       javax.swing.plaf.nimbus.NimbusStyle::validate (1150 bytes)

Stack: [0x000000defd800000,0x000000defd900000]
Native frames: (J=compiled Java code, j=interpreted, Vv=VM code, C=native code)
V  [jvm.dll+0x670baa]
V  [jvm.dll+0x7cfcb4]
V  [jvm.dll+0x7d145e]
V  [jvm.dll+0x7d1ac3]
V  [jvm.dll+0x242bc5]
V  [jvm.dll+0xaa57b]
V  [jvm.dll+0xaab0c]
V  [jvm.dll+0x2a991f]
V  [jvm.dll+0x5792d9]
V  [jvm.dll+0x21de3d]
V  [jvm.dll+0x21e21f]
V  [jvm.dll+0x217ae5]
V  [jvm.dll+0x214fab]
V  [jvm.dll+0x1a1bbd]
V  [jvm.dll+0x224908]
V  [jvm.dll+0x222a6c]
V  [jvm.dll+0x7859bb]
V  [jvm.dll+0x77ff7a]
V  [jvm.dll+0x66fa35]
C  [ucrtbase.dll+0x26c0c]
C  [KERNEL32.DLL+0x154e0]
C  [ntdll.dll+0x485b]


---------------  P R O C E S S  ---------------

Threads class SMR info:
_java_thread_list=0x00000280241b17a0, length=19, elements={
0x0000028024182cd0, 0x00000280241842e0, 0x0000028024196bf0, 0x00000280241975a0,
0x00000280241986f0, 0x0000028024199e50, 0x000002802419e890, 0x00000280241a26a0,
0x00000280241bdff0, 0x0000028024c50c40, 0x0000028024cd2530, 0x0000028024e78bc0,
0x0000028024e79090, 0x0000028024ea0040, 0x0000028024f20a50, 0x00000280049ccc60,
0x0000028025d30360, 0x0000028025d316a0, 0x0000028025d31b70
}

Java Threads: ( => current thread )
  0x0000028024182cd0 JavaThread "Reference Handler" daemon [_thread_blocked, id=16632, stack(0x000000defd200000,0x000000defd300000)]
  0x00000280241842e0 JavaThread "Finalizer" daemon [_thread_blocked, id=12628, stack(0x000000defd300000,0x000000defd400000)]
  0x0000028024196bf0 JavaThread "Signal Dispatcher" daemon [_thread_blocked, id=18288, stack(0x000000defd400000,0x000000defd500000)]
  0x00000280241975a0 JavaThread "Attach Listener" daemon [_thread_blocked, id=27488, stack(0x000000defd500000,0x000000defd600000)]
  0x00000280241986f0 JavaThread "Service Thread" daemon [_thread_blocked, id=11116, stack(0x000000defd600000,0x000000defd700000)]
  0x0000028024199e50 JavaThread "Monitor Deflation Thread" daemon [_thread_blocked, id=27832, stack(0x000000defd700000,0x000000defd800000)]
=>0x000002802419e890 JavaThread "C2 CompilerThread0" daemon [_thread_in_native, id=21016, stack(0x000000defd800000,0x000000defd900000)]
  0x00000280241a26a0 JavaThread "C1 CompilerThread0" daemon [_thread_blocked, id=28664, stack(0x000000defd900000,0x000000defda00000)]
  0x00000280241bdff0 JavaThread "Sweeper thread" daemon [_thread_blocked, id=28472, stack(0x000000defda00000,0x000000defdb00000)]
  0x0000028024c50c40 JavaThread "Common-Cleaner" daemon [_thread_blocked, id=23340, stack(0x000000defdb00000,0x000000defdc00000)]
  0x0000028024cd2530 JavaThread "Notification Thread" daemon [_thread_blocked, id=27656, stack(0x000000defdc00000,0x000000defdd00000)]
  0x0000028024e78bc0 JavaThread "Java2D Disposer" daemon [_thread_blocked, id=13652, stack(0x000000defde00000,0x000000defdf00000)]
  0x0000028024e79090 JavaThread "AWT-Shutdown" [_thread_blocked, id=28340, stack(0x000000defdf00000,0x000000defe000000)]
  0x0000028024ea0040 JavaThread "AWT-Windows" daemon [_thread_in_native, id=18336, stack(0x000000defe000000,0x000000defe100000)]
  0x0000028024f20a50 JavaThread "AWT-EventQueue-0" [_thread_blocked, id=8812, stack(0x000000defe100000,0x000000defe200000)]
  0x00000280049ccc60 JavaThread "DestroyJavaVM" [_thread_blocked, id=27644, stack(0x000000defcb00000,0x000000defcc00000)]
  0x0000028025d30360 JavaThread "D3D Screen Updater" daemon [_thread_blocked, id=27328, stack(0x000000defe600000,0x000000defe700000)]
  0x0000028025d316a0 JavaThread "TimerQueue" daemon [_thread_blocked, id=24372, stack(0x000000defe910000,0x000000defea10000)]
  0x0000028025d31b70 JavaThread "Image Fetcher 0" daemon [_thread_blocked, id=8508, stack(0x000000defc800000,0x000000defc900000)]

Other Threads:
  0x000002802417c530 VMThread "VM Thread" [stack: 0x000000defd100000,0x000000defd200000] [id=10620]
  0x0000028024cd2a00 WatcherThread [stack: 0x000000defdd00000,0x000000defde00000] [id=8168]
  0x0000028004a0b2c0 GCTaskThread "GC Thread#0" [stack: 0x000000defcc00000,0x000000defcd00000] [id=22392]
  0x000002802c7e9cd0 GCTaskThread "GC Thread#1" [stack: 0x000000defea60000,0x000000defeb60000] [id=26108]
  0x000002802c7e8a00 GCTaskThread "GC Thread#2" [stack: 0x000000defeb60000,0x000000defec60000] [id=8716]
  0x000002802c7e81f0 GCTaskThread "GC Thread#3" [stack: 0x000000defec60000,0x000000defed60000] [id=18104]
  0x0000028004a1bfc0 ConcurrentGCThread "G1 Main Marker" [stack: 0x000000defcd00000,0x000000defce00000] [id=25216]
  0x0000028004a1d170 ConcurrentGCThread "G1 Conc#0" [stack: 0x000000defce00000,0x000000defcf00000] [id=26260]
  0x0000028004a93780 ConcurrentGCThread "G1 Refine#0" [stack: 0x000000defcf00000,0x000000defd000000] [id=20380]
  0x000002802caa73b0 ConcurrentGCThread "G1 Refine#1" [stack: 0x000000defed60000,0x000000defee60000] [id=15852]
  0x0000028004a951b0 ConcurrentGCThread "G1 Service" [stack: 0x000000defd000000,0x000000defd100000] [id=25388]

Threads with active compile tasks:
C2 CompilerThread0    52094 2671       4       javax.swing.plaf.nimbus.NimbusStyle::validate (1150 bytes)

VM state: not at safepoint (normal execution)

VM Mutex/Monitor currently owned by a thread: None

Heap address: 0x0000000081200000, size: 2030 MB, Compressed Oops mode: 32-bit

CDS archive(s) mapped at: [0x0000000800000000-0x0000000800bc0000-0x0000000800bc0000), size 12320768, SharedBaseAddress: 0x0000000800000000, ArchiveRelocationMode: 0.
Compressed class space mapped at: 0x0000000800c00000-0x0000000840c00000, reserved size: 1073741824
Narrow klass base: 0x0000000800000000, Narrow klass shift: 0, Narrow klass range: 0x100000000

GC Precious Log:
 CPUs: 4 total, 4 available
 Memory: 8112M
 Large Page Support: Disabled
 NUMA Support: Disabled
 Compressed Oops: Enabled (32-bit)
 Heap Region Size: 1M
 Heap Min Capacity: 8M
 Heap Initial Capacity: 128M
 Heap Max Capacity: 2030M
 Pre-touch: Disabled
 Parallel Workers: 4
 Concurrent Workers: 1
 Concurrent Refinement Workers: 4
 Periodic GC: Disabled

Heap:
 garbage-first heap   total 131072K, used 12268K [0x0000000081200000, 0x0000000100000000)
  region size 1024K, 7 young (7168K), 1 survivors (1024K)
 Metaspace       used 12239K, committed 12480K, reserved 1064960K
  class space    used 1362K, committed 1472K, reserved 1048576K

Heap Regions: E=young(eden), S=young(survivor), O=old, HS=humongous(starts), HC=humongous(continues), CS=collection set, F=free, OA=open archive, CA=closed archive, TAMS=top-at-mark-start (previous, next)
|   0|0x0000000081200000, 0x0000000081300000, 0x0000000081300000|100%|HS|  |TAMS 0x0000000081200000, 0x0000000081200000| Complete 
|   1|0x0000000081300000, 0x0000000081400000, 0x0000000081400000|100%|HS|  |TAMS 0x0000000081300000, 0x0000000081300000| Complete 
|   2|0x0000000081400000, 0x0000000081500000, 0x0000000081500000|100%| O|  |TAMS 0x0000000081400000, 0x0000000081400000| Untracked 
|   3|0x0000000081500000, 0x0000000081600000, 0x0000000081600000|100%| O|  |TAMS 0x0000000081500000, 0x0000000081500000| Untracked 
|   4|0x0000000081600000, 0x0000000081700000, 0x0000000081700000|100%| O|  |TAMS 0x0000000081600000, 0x0000000081600000| Untracked 
|   5|0x0000000081700000, 0x0000000081798200, 0x0000000081800000| 59%| O|  |TAMS 0x0000000081700000, 0x0000000081700000| Untracked 
|   6|0x0000000081800000, 0x0000000081900000, 0x0000000081900000|100%|HS|  |TAMS 0x0000000081800000, 0x0000000081800000| Complete 
|   7|0x0000000081900000, 0x0000000081900000, 0x0000000081a00000|  0%| F|  |TAMS 0x0000000081900000, 0x0000000081900000| Untracked 
|   8|0x0000000081a00000, 0x0000000081a00000, 0x0000000081b00000|  0%| F|  |TAMS 0x0000000081a00000, 0x0000000081a00000| Untracked 
|   9|0x0000000081b00000, 0x0000000081b00000, 0x0000000081c00000|  0%| F|  |TAMS 0x0000000081b00000, 0x0000000081b00000| Untracked 
|  10|0x0000000081c00000, 0x0000000081c00000, 0x0000000081d00000|  0%| F|  |TAMS 0x0000000081c00000, 0x0000000081c00000| Untracked 
|  11|0x0000000081d00000, 0x0000000081d00000, 0x0000000081e00000|  0%| F|  |TAMS 0x0000000081d00000, 0x0000000081d00000| Untracked 
|  12|0x0000000081e00000, 0x0000000081e00000, 0x0000000081f00000|  0%| F|  |TAMS 0x0000000081e00000, 0x0000000081e00000| Untracked 
|  13|0x0000000081f00000, 0x0000000081f00000, 0x0000000082000000|  0%| F|  |TAMS 0x0000000081f00000, 0x0000000081f00000| Untracked 
|  14|0x0000000082000000, 0x0000000082000000, 0x0000000082100000|  0%| F|  |TAMS 0x0000000082000000, 0x0000000082000000| Untracked 
|  15|0x0000000082100000, 0x0000000082100000, 0x0000000082200000|  0%| F|  |TAMS 0x0000000082100000, 0x0000000082100000| Untracked 
|  16|0x0000000082200000, 0x0000000082200000, 0x0000000082300000|  0%| F|  |TAMS 0x0000000082200000, 0x0000000082200000| Untracked 
|  17|0x0000000082300000, 0x0000000082300000, 0x0000000082400000|  0%| F|  |TAMS 0x0000000082300000, 0x0000000082300000| Untracked 
|  18|0x0000000082400000, 0x0000000082400000, 0x0000000082500000|  0%| F|  |TAMS 0x0000000082400000, 0x0000000082400000| Untracked 
|  19|0x0000000082500000, 0x0000000082500000, 0x0000000082600000|  0%| F|  |TAMS 0x0000000082500000, 0x0000000082500000| Untracked 
|  20|0x0000000082600000, 0x0000000082600000, 0x0000000082700000|  0%| F|  |TAMS 0x0000000082600000, 0x0000000082600000| Untracked 
|  21|0x0000000082700000, 0x0000000082700000, 0x0000000082800000|  0%| F|  |TAMS 0x0000000082700000, 0x0000000082700000| Untracked 
|  22|0x0000000082800000, 0x0000000082800000, 0x0000000082900000|  0%| F|  |TAMS 0x0000000082800000, 0x0000000082800000| Untracked 
|  23|0x0000000082900000, 0x0000000082900000, 0x0000000082a00000|  0%| F|  |TAMS 0x0000000082900000, 0x0000000082900000| Untracked 
|  24|0x0000000082a00000, 0x0000000082a00000, 0x0000000082b00000|  0%| F|  |TAMS 0x0000000082a00000, 0x0000000082a00000| Untracked 
|  25|0x0000000082b00000, 0x0000000082b00000, 0x0000000082c00000|  0%| F|  |TAMS 0x0000000082b00000, 0x0000000082b00000| Untracked 
|  26|0x0000000082c00000, 0x0000000082c00000, 0x0000000082d00000|  0%| F|  |TAMS 0x0000000082c00000, 0x0000000082c00000| Untracked 
|  27|0x0000000082d00000, 0x0000000082d00000, 0x0000000082e00000|  0%| F|  |TAMS 0x0000000082d00000, 0x0000000082d00000| Untracked 
|  28|0x0000000082e00000, 0x0000000082e00000, 0x0000000082f00000|  0%| F|  |TAMS 0x0000000082e00000, 0x0000000082e00000| Untracked 
|  29|0x0000000082f00000, 0x0000000082f00000, 0x0000000083000000|  0%| F|  |TAMS 0x0000000082f00000, 0x0000000082f00000| Untracked 
|  30|0x0000000083000000, 0x0000000083000000, 0x0000000083100000|  0%| F|  |TAMS 0x0000000083000000, 0x0000000083000000| Untracked 
|  31|0x0000000083100000, 0x0000000083100000, 0x0000000083200000|  0%| F|  |TAMS 0x0000000083100000, 0x0000000083100000| Untracked 
|  32|0x0000000083200000, 0x0000000083200000, 0x0000000083300000|  0%| F|  |TAMS 0x0000000083200000, 0x0000000083200000| Untracked 
|  33|0x0000000083300000, 0x0000000083300000, 0x0000000083400000|  0%| F|  |TAMS 0x0000000083300000, 0x0000000083300000| Untracked 
|  34|0x0000000083400000, 0x0000000083400000, 0x0000000083500000|  0%| F|  |TAMS 0x0000000083400000, 0x0000000083400000| Untracked 
|  35|0x0000000083500000, 0x0000000083500000, 0x0000000083600000|  0%| F|  |TAMS 0x0000000083500000, 0x0000000083500000| Untracked 
|  36|0x0000000083600000, 0x0000000083600000, 0x0000000083700000|  0%| F|  |TAMS 0x0000000083600000, 0x0000000083600000| Untracked 
|  37|0x0000000083700000, 0x0000000083700000, 0x0000000083800000|  0%| F|  |TAMS 0x0000000083700000, 0x0000000083700000| Untracked 
|  38|0x0000000083800000, 0x0000000083800000, 0x0000000083900000|  0%| F|  |TAMS 0x0000000083800000, 0x0000000083800000| Untracked 
|  39|0x0000000083900000, 0x0000000083900000, 0x0000000083a00000|  0%| F|  |TAMS 0x0000000083900000, 0x0000000083900000| Untracked 
|  40|0x0000000083a00000, 0x0000000083a00000, 0x0000000083b00000|  0%| F|  |TAMS 0x0000000083a00000, 0x0000000083a00000| Untracked 
|  41|0x0000000083b00000, 0x0000000083b00000, 0x0000000083c00000|  0%| F|  |TAMS 0x0000000083b00000, 0x0000000083b00000| Untracked 
|  42|0x0000000083c00000, 0x0000000083c00000, 0x0000000083d00000|  0%| F|  |TAMS 0x0000000083c00000, 0x0000000083c00000| Untracked 
|  43|0x0000000083d00000, 0x0000000083d00000, 0x0000000083e00000|  0%| F|  |TAMS 0x0000000083d00000, 0x0000000083d00000| Untracked 
|  44|0x0000000083e00000, 0x0000000083e00000, 0x0000000083f00000|  0%| F|  |TAMS 0x0000000083e00000, 0x0000000083e00000| Untracked 
|  45|0x0000000083f00000, 0x0000000083f00000, 0x0000000084000000|  0%| F|  |TAMS 0x0000000083f00000, 0x0000000083f00000| Untracked 
|  46|0x0000000084000000, 0x0000000084000000, 0x0000000084100000|  0%| F|  |TAMS 0x0000000084000000, 0x0000000084000000| Untracked 
|  47|0x0000000084100000, 0x0000000084100000, 0x0000000084200000|  0%| F|  |TAMS 0x0000000084100000, 0x0000000084100000| Untracked 
|  48|0x0000000084200000, 0x0000000084200000, 0x0000000084300000|  0%| F|  |TAMS 0x0000000084200000, 0x0000000084200000| Untracked 
|  49|0x0000000084300000, 0x0000000084300000, 0x0000000084400000|  0%| F|  |TAMS 0x0000000084300000, 0x0000000084300000| Untracked 
|  50|0x0000000084400000, 0x0000000084400000, 0x0000000084500000|  0%| F|  |TAMS 0x0000000084400000, 0x0000000084400000| Untracked 
|  51|0x0000000084500000, 0x0000000084500000, 0x0000000084600000|  0%| F|  |TAMS 0x0000000084500000, 0x0000000084500000| Untracked 
|  52|0x0000000084600000, 0x0000000084600000, 0x0000000084700000|  0%| F|  |TAMS 0x0000000084600000, 0x0000000084600000| Untracked 
|  53|0x0000000084700000, 0x0000000084700000, 0x0000000084800000|  0%| F|  |TAMS 0x0000000084700000, 0x0000000084700000| Untracked 
|  54|0x0000000084800000, 0x0000000084800000, 0x0000000084900000|  0%| F|  |TAMS 0x0000000084800000, 0x0000000084800000| Untracked 
|  55|0x0000000084900000, 0x0000000084900000, 0x0000000084a00000|  0%| F|  |TAMS 0x0000000084900000, 0x0000000084900000| Untracked 
|  56|0x0000000084a00000, 0x0000000084a00000, 0x0000000084b00000|  0%| F|  |TAMS 0x0000000084a00000, 0x0000000084a00000| Untracked 
|  57|0x0000000084b00000, 0x0000000084b00000, 0x0000000084c00000|  0%| F|  |TAMS 0x0000000084b00000, 0x0000000084b00000| Untracked 
|  58|0x0000000084c00000, 0x0000000084c00000, 0x0000000084d00000|  0%| F|  |TAMS 0x0000000084c00000, 0x0000000084c00000| Untracked 
|  59|0x0000000084d00000, 0x0000000084d00000, 0x0000000084e00000|  0%| F|  |TAMS 0x0000000084d00000, 0x0000000084d00000| Untracked 
|  60|0x0000000084e00000, 0x0000000084e00000, 0x0000000084f00000|  0%| F|  |TAMS 0x0000000084e00000, 0x0000000084e00000| Untracked 
|  61|0x0000000084f00000, 0x0000000084f00000, 0x0000000085000000|  0%| F|  |TAMS 0x0000000084f00000, 0x0000000084f00000| Untracked 
|  62|0x0000000085000000, 0x0000000085000000, 0x0000000085100000|  0%| F|  |TAMS 0x0000000085000000, 0x0000000085000000| Untracked 
|  63|0x0000000085100000, 0x0000000085100000, 0x0000000085200000|  0%| F|  |TAMS 0x0000000085100000, 0x0000000085100000| Untracked 
|  64|0x0000000085200000, 0x0000000085200000, 0x0000000085300000|  0%| F|  |TAMS 0x0000000085200000, 0x0000000085200000| Untracked 
|  65|0x0000000085300000, 0x0000000085300000, 0x0000000085400000|  0%| F|  |TAMS 0x0000000085300000, 0x0000000085300000| Untracked 
|  66|0x0000000085400000, 0x0000000085400000, 0x0000000085500000|  0%| F|  |TAMS 0x0000000085400000, 0x0000000085400000| Untracked 
|  67|0x0000000085500000, 0x0000000085500000, 0x0000000085600000|  0%| F|  |TAMS 0x0000000085500000, 0x0000000085500000| Untracked 
|  68|0x0000000085600000, 0x0000000085600000, 0x0000000085700000|  0%| F|  |TAMS 0x0000000085600000, 0x0000000085600000| Untracked 
|  69|0x0000000085700000, 0x0000000085700000, 0x0000000085800000|  0%| F|  |TAMS 0x0000000085700000, 0x0000000085700000| Untracked 
|  70|0x0000000085800000, 0x0000000085800000, 0x0000000085900000|  0%| F|  |TAMS 0x0000000085800000, 0x0000000085800000| Untracked 
|  71|0x0000000085900000, 0x0000000085900000, 0x0000000085a00000|  0%| F|  |TAMS 0x0000000085900000, 0x0000000085900000| Untracked 
|  72|0x0000000085a00000, 0x0000000085a00000, 0x0000000085b00000|  0%| F|  |TAMS 0x0000000085a00000, 0x0000000085a00000| Untracked 
|  73|0x0000000085b00000, 0x0000000085b00000, 0x0000000085c00000|  0%| F|  |TAMS 0x0000000085b00000, 0x0000000085b00000| Untracked 
|  74|0x0000000085c00000, 0x0000000085c00000, 0x0000000085d00000|  0%| F|  |TAMS 0x0000000085c00000, 0x0000000085c00000| Untracked 
|  75|0x0000000085d00000, 0x0000000085d00000, 0x0000000085e00000|  0%| F|  |TAMS 0x0000000085d00000, 0x0000000085d00000| Untracked 
|  76|0x0000000085e00000, 0x0000000085e00000, 0x0000000085f00000|  0%| F|  |TAMS 0x0000000085e00000, 0x0000000085e00000| Untracked 
|  77|0x0000000085f00000, 0x0000000085f00000, 0x0000000086000000|  0%| F|  |TAMS 0x0000000085f00000, 0x0000000085f00000| Untracked 
|  78|0x0000000086000000, 0x0000000086000000, 0x0000000086100000|  0%| F|  |TAMS 0x0000000086000000, 0x0000000086000000| Untracked 
|  79|0x0000000086100000, 0x0000000086100000, 0x0000000086200000|  0%| F|  |TAMS 0x0000000086100000, 0x0000000086100000| Untracked 
|  80|0x0000000086200000, 0x0000000086200000, 0x0000000086300000|  0%| F|  |TAMS 0x0000000086200000, 0x0000000086200000| Untracked 
|  81|0x0000000086300000, 0x0000000086300000, 0x0000000086400000|  0%| F|  |TAMS 0x0000000086300000, 0x0000000086300000| Untracked 
|  82|0x0000000086400000, 0x0000000086400000, 0x0000000086500000|  0%| F|  |TAMS 0x0000000086400000, 0x0000000086400000| Untracked 
|  83|0x0000000086500000, 0x0000000086500000, 0x0000000086600000|  0%| F|  |TAMS 0x0000000086500000, 0x0000000086500000| Untracked 
|  84|0x0000000086600000, 0x0000000086600000, 0x0000000086700000|  0%| F|  |TAMS 0x0000000086600000, 0x0000000086600000| Untracked 
|  85|0x0000000086700000, 0x0000000086700000, 0x0000000086800000|  0%| F|  |TAMS 0x0000000086700000, 0x0000000086700000| Untracked 
|  86|0x0000000086800000, 0x0000000086800000, 0x0000000086900000|  0%| F|  |TAMS 0x0000000086800000, 0x0000000086800000| Untracked 
|  87|0x0000000086900000, 0x0000000086900000, 0x0000000086a00000|  0%| F|  |TAMS 0x0000000086900000, 0x0000000086900000| Untracked 
|  88|0x0000000086a00000, 0x0000000086a00000, 0x0000000086b00000|  0%| F|  |TAMS 0x0000000086a00000, 0x0000000086a00000| Untracked 
|  89|0x0000000086b00000, 0x0000000086b00000, 0x0000000086c00000|  0%| F|  |TAMS 0x0000000086b00000, 0x0000000086b00000| Untracked 
|  90|0x0000000086c00000, 0x0000000086c00000, 0x0000000086d00000|  0%| F|  |TAMS 0x0000000086c00000, 0x0000000086c00000| Untracked 
|  91|0x0000000086d00000, 0x0000000086d00000, 0x0000000086e00000|  0%| F|  |TAMS 0x0000000086d00000, 0x0000000086d00000| Untracked 
|  92|0x0000000086e00000, 0x0000000086e00000, 0x0000000086f00000|  0%| F|  |TAMS 0x0000000086e00000, 0x0000000086e00000| Untracked 
|  93|0x0000000086f00000, 0x0000000086f00000, 0x0000000087000000|  0%| F|  |TAMS 0x0000000086f00000, 0x0000000086f00000| Untracked 
|  94|0x0000000087000000, 0x0000000087000000, 0x0000000087100000|  0%| F|  |TAMS 0x0000000087000000, 0x0000000087000000| Untracked 
|  95|0x0000000087100000, 0x0000000087100000, 0x0000000087200000|  0%| F|  |TAMS 0x0000000087100000, 0x0000000087100000| Untracked 
|  96|0x0000000087200000, 0x0000000087200000, 0x0000000087300000|  0%| F|  |TAMS 0x0000000087200000, 0x0000000087200000| Untracked 
|  97|0x0000000087300000, 0x0000000087300000, 0x0000000087400000|  0%| F|  |TAMS 0x0000000087300000, 0x0000000087300000| Untracked 
|  98|0x0000000087400000, 0x0000000087400000, 0x0000000087500000|  0%| F|  |TAMS 0x0000000087400000, 0x0000000087400000| Untracked 
|  99|0x0000000087500000, 0x0000000087500000, 0x0000000087600000|  0%| F|  |TAMS 0x0000000087500000, 0x0000000087500000| Untracked 
| 100|0x0000000087600000, 0x0000000087600000, 0x0000000087700000|  0%| F|  |TAMS 0x0000000087600000, 0x0000000087600000| Untracked 
| 101|0x0000000087700000, 0x0000000087700000, 0x0000000087800000|  0%| F|  |TAMS 0x0000000087700000, 0x0000000087700000| Untracked 
| 102|0x0000000087800000, 0x0000000087800000, 0x0000000087900000|  0%| F|  |TAMS 0x0000000087800000, 0x0000000087800000| Untracked 
| 103|0x0000000087900000, 0x0000000087900000, 0x0000000087a00000|  0%| F|  |TAMS 0x0000000087900000, 0x0000000087900000| Untracked 
| 104|0x0000000087a00000, 0x0000000087a00000, 0x0000000087b00000|  0%| F|  |TAMS 0x0000000087a00000, 0x0000000087a00000| Untracked 
| 105|0x0000000087b00000, 0x0000000087b00000, 0x0000000087c00000|  0%| F|  |TAMS 0x0000000087b00000, 0x0000000087b00000| Untracked 
| 106|0x0000000087c00000, 0x0000000087c00000, 0x0000000087d00000|  0%| F|  |TAMS 0x0000000087c00000, 0x0000000087c00000| Untracked 
| 107|0x0000000087d00000, 0x0000000087d00000, 0x0000000087e00000|  0%| F|  |TAMS 0x0000000087d00000, 0x0000000087d00000| Untracked 
| 108|0x0000000087e00000, 0x0000000087e00000, 0x0000000087f00000|  0%| F|  |TAMS 0x0000000087e00000, 0x0000000087e00000| Untracked 
| 109|0x0000000087f00000, 0x0000000087f00000, 0x0000000088000000|  0%| F|  |TAMS 0x0000000087f00000, 0x0000000087f00000| Untracked 
| 110|0x0000000088000000, 0x0000000088000000, 0x0000000088100000|  0%| F|  |TAMS 0x0000000088000000, 0x0000000088000000| Untracked 
| 111|0x0000000088100000, 0x0000000088100000, 0x0000000088200000|  0%| F|  |TAMS 0x0000000088100000, 0x0000000088100000| Untracked 
| 112|0x0000000088200000, 0x0000000088200000, 0x0000000088300000|  0%| F|  |TAMS 0x0000000088200000, 0x0000000088200000| Untracked 
| 113|0x0000000088300000, 0x0000000088300000, 0x0000000088400000|  0%| F|  |TAMS 0x0000000088300000, 0x0000000088300000| Untracked 
| 114|0x0000000088400000, 0x0000000088400000, 0x0000000088500000|  0%| F|  |TAMS 0x0000000088400000, 0x0000000088400000| Untracked 
| 115|0x0000000088500000, 0x0000000088500000, 0x0000000088600000|  0%| F|  |TAMS 0x0000000088500000, 0x0000000088500000| Untracked 
| 116|0x0000000088600000, 0x0000000088600000, 0x0000000088700000|  0%| F|  |TAMS 0x0000000088600000, 0x0000000088600000| Untracked 
| 117|0x0000000088700000, 0x0000000088763020, 0x0000000088800000| 38%| S|CS|TAMS 0x0000000088700000, 0x0000000088700000| Complete 
| 118|0x0000000088800000, 0x0000000088800000, 0x0000000088900000|  0%| F|  |TAMS 0x0000000088800000, 0x0000000088800000| Untracked 
| 119|0x0000000088900000, 0x0000000088900000, 0x0000000088a00000|  0%| F|  |TAMS 0x0000000088900000, 0x0000000088900000| Untracked 
| 120|0x0000000088a00000, 0x0000000088a00000, 0x0000000088b00000|  0%| F|  |TAMS 0x0000000088a00000, 0x0000000088a00000| Untracked 
| 121|0x0000000088b00000, 0x0000000088b00000, 0x0000000088c00000|  0%| F|  |TAMS 0x0000000088b00000, 0x0000000088b00000| Untracked 
| 122|0x0000000088c00000, 0x0000000088c6a768, 0x0000000088d00000| 41%| E|  |TAMS 0x0000000088c00000, 0x0000000088c00000| Complete 
| 123|0x0000000088d00000, 0x0000000088e00000, 0x0000000088e00000|100%| E|CS|TAMS 0x0000000088d00000, 0x0000000088d00000| Complete 
| 124|0x0000000088e00000, 0x0000000088f00000, 0x0000000088f00000|100%| E|CS|TAMS 0x0000000088e00000, 0x0000000088e00000| Complete 
| 125|0x0000000088f00000, 0x0000000089000000, 0x0000000089000000|100%| E|CS|TAMS 0x0000000088f00000, 0x0000000088f00000| Complete 
| 126|0x0000000089000000, 0x0000000089100000, 0x0000000089100000|100%| E|CS|TAMS 0x0000000089000000, 0x0000000089000000| Complete 
| 127|0x0000000089100000, 0x0000000089200000, 0x0000000089200000|100%| E|CS|TAMS 0x0000000089100000, 0x0000000089100000| Complete 

Card table byte_map: [0x000002801d440000,0x000002801d840000] _byte_map_base: 0x000002801d037000

Marking Bits (Prev, Next): (CMBitMap*) 0x0000028004a0b8d0, (CMBitMap*) 0x0000028004a0b910
 Prev Bits: [0x000002801dc40000, 0x000002801fbf8000)
 Next Bits: [0x000002801fc00000, 0x0000028021bb8000)

Polling page: 0x0000028004ab0000

Metaspace:

Usage:
  Non-class:     10.62 MB used.
      Class:      1.33 MB used.
       Both:     11.95 MB used.

Virtual space:
  Non-class space:       16.00 MB reserved,      10.75 MB ( 67%) committed,  2 nodes.
      Class space:        1.00 GB reserved,       1.44 MB ( <1%) committed,  1 nodes.
             Both:        1.02 GB reserved,      12.19 MB (  1%) committed. 

Chunk freelists:
   Non-Class:  953.00 KB
       Class:  2.57 MB
        Both:  3.50 MB

MaxMetaspaceSize: unlimited
CompressedClassSpaceSize: 1.00 GB
Initial GC threshold: 21.00 MB
Current GC threshold: 21.00 MB
CDS: on
MetaspaceReclaimPolicy: balanced
 - commit_granule_bytes: 65536.
 - commit_granule_words: 8192.
 - virtual_space_node_default_size: 1048576.
 - enlarge_chunks_in_place: 1.
 - new_chunks_are_fully_committed: 0.
 - uncommit_free_chunks: 1.
 - use_allocation_guard: 0.
 - handle_deallocations: 1.


Internal statistics:

num_allocs_failed_limit: 0.
num_arena_births: 172.
num_arena_deaths: 0.
num_vsnodes_births: 3.
num_vsnodes_deaths: 0.
num_space_committed: 195.
num_space_uncommitted: 0.
num_chunks_returned_to_freelist: 0.
num_chunks_taken_from_freelist: 239.
num_chunk_merges: 0.
num_chunk_splits: 140.
num_chunks_enlarged: 61.
num_purges: 0.
num_inconsistent_stats: 0.

CodeHeap 'non-profiled nmethods': size=120000Kb used=1160Kb max_used=1160Kb free=118839Kb
 bounds [0x00000280154f0000, 0x0000028015760000, 0x000002801ca20000]
CodeHeap 'profiled nmethods': size=120000Kb used=5316Kb max_used=5316Kb free=114683Kb
 bounds [0x000002800dfc0000, 0x000002800e500000, 0x00000280154f0000]
CodeHeap 'non-nmethods': size=5760Kb used=1338Kb max_used=1413Kb free=4421Kb
 bounds [0x000002800da20000, 0x000002800dc90000, 0x000002800dfc0000]
 total_blobs=3353 nmethods=2673 adapters=591
 compilation: enabled
              stopped_count=0, restarted_count=0
 full_count=0

Compilation events (20 events):
Event: 51.365 Thread 0x00000280241a26a0 nmethod 2665 0x0000028015609e10 code [0x0000028015609fa0, 0x000002801560a058]
Event: 51.365 Thread 0x00000280241a26a0 2666       1       javax.swing.plaf.synth.SynthScrollBarUI::access$300 (5 bytes)
Event: 51.365 Thread 0x00000280241a26a0 nmethod 2666 0x000002801560a110 code [0x000002801560a2a0, 0x000002801560a358]
Event: 51.733 Thread 0x00000280241a26a0 2667   !   3       javax.swing.RepaintManager::endPaint (72 bytes)
Event: 51.733 Thread 0x00000280241a26a0 nmethod 2667 0x000002800e4ead10 code [0x000002800e4eaee0, 0x000002800e4eb4e8]
Event: 51.743 Thread 0x000002802419e890 2668       4       java.awt.Component::dispatchEventImpl (777 bytes)
Event: 51.767 Thread 0x00000280241a26a0 2669   !   3       javax.swing.RepaintManager::beginPaint (81 bytes)
Event: 51.768 Thread 0x00000280241a26a0 nmethod 2669 0x000002800e4eb690 code [0x000002800e4eb860, 0x000002800e4ebc68]
Event: 51.768 Thread 0x00000280241a26a0 2670       3       javax.swing.RepaintManager::paint (94 bytes)
Event: 51.769 Thread 0x00000280241a26a0 nmethod 2670 0x000002800e4ebd90 code [0x000002800e4ebfa0, 0x000002800e4ec718]
Event: 51.788 Thread 0x00000280241a26a0 2672       3       javax.swing.plaf.synth.SynthScrollBarUI$2::contains (112 bytes)
Event: 51.789 Thread 0x00000280241a26a0 nmethod 2672 0x000002800e4eca10 code [0x000002800e4ecc20, 0x000002800e4ed578]
Event: 51.789 Thread 0x00000280241a26a0 2673       3       javax.swing.plaf.synth.SynthScrollBarUI$1::contains (92 bytes)
Event: 51.789 Thread 0x00000280241a26a0 nmethod 2673 0x000002800e4ed810 code [0x000002800e4eda20, 0x000002800e4ee358]
Event: 51.802 Thread 0x00000280241a26a0 2674       3       javax.swing.plaf.synth.SynthButtonUI::getContext (11 bytes)
Event: 51.803 Thread 0x00000280241a26a0 nmethod 2674 0x000002800e4ee590 code [0x000002800e4ee7a0, 0x000002800e4eee28]
Event: 51.803 Thread 0x00000280241a26a0 2675       3       javax.swing.plaf.synth.SynthButtonUI::getComponentState (138 bytes)
Event: 51.805 Thread 0x00000280241a26a0 nmethod 2675 0x000002800e4ef090 code [0x000002800e4ef380, 0x000002800e4f0a58]
Event: 51.855 Thread 0x000002802419e890 nmethod 2668 0x000002801560a410 code [0x000002801560aa00, 0x000002801560fa00]
Event: 51.856 Thread 0x000002802419e890 2671       4       javax.swing.plaf.nimbus.NimbusStyle::validate (1150 bytes)

GC Heap History (4 events):
Event: 5.196 GC heap before
{Heap before GC invocations=0 (full 0):
 garbage-first heap   total 131072K, used 15360K [0x0000000081200000, 0x0000000100000000)
  region size 1024K, 13 young (13312K), 0 survivors (0K)
 Metaspace       used 10755K, committed 11008K, reserved 1064960K
  class space    used 1234K, committed 1344K, reserved 1048576K
}
Event: 5.206 GC heap after
{Heap after GC invocations=1 (full 0):
 garbage-first heap   total 131072K, used 5668K [0x0000000081200000, 0x0000000100000000)
  region size 1024K, 2 young (2048K), 2 survivors (2048K)
 Metaspace       used 10755K, committed 11008K, reserved 1064960K
  class space    used 1234K, committed 1344K, reserved 1048576K
}
Event: 47.224 GC heap before
{Heap before GC invocations=1 (full 0):
 garbage-first heap   total 131072K, used 15908K [0x0000000081200000, 0x0000000100000000)
  region size 1024K, 12 young (12288K), 2 survivors (2048K)
 Metaspace       used 11716K, committed 11904K, reserved 1064960K
  class space    used 1301K, committed 1408K, reserved 1048576K
}
Event: 47.230 GC heap after
{Heap after GC invocations=2 (full 0):
 garbage-first heap   total 131072K, used 6124K [0x0000000081200000, 0x0000000100000000)
  region size 1024K, 1 young (1024K), 1 survivors (1024K)
 Metaspace       used 11716K, committed 11904K, reserved 1064960K
  class space    used 1301K, committed 1408K, reserved 1048576K
}

Deoptimization events (20 events):
Event: 50.720 Thread 0x0000028024f20a50 Uncommon trap: trap_request=0xffffff45 fr.pc=0x00000280155d38cc relative=0x000000000000020c
Event: 50.720 Thread 0x0000028024f20a50 Uncommon trap: reason=unstable_if action=reinterpret pc=0x00000280155d38cc method=java.awt.geom.AffineTransform.translate(DD)V @ 437 c2
Event: 50.720 Thread 0x0000028024f20a50 DEOPT PACKING pc=0x00000280155d38cc sp=0x000000defe1fcd50
Event: 50.720 Thread 0x0000028024f20a50 DEOPT UNPACKING pc=0x000002800da723a3 sp=0x000000defe1fcd00 mode 2
Event: 50.720 Thread 0x0000028024f20a50 Uncommon trap: trap_request=0xffffff45 fr.pc=0x00000280155e3474 relative=0x0000000000000134
Event: 50.720 Thread 0x0000028024f20a50 Uncommon trap: reason=unstable_if action=reinterpret pc=0x00000280155e3474 method=java.awt.geom.AffineTransform.updateState()V @ 6 c2
Event: 50.720 Thread 0x0000028024f20a50 DEOPT PACKING pc=0x00000280155e3474 sp=0x000000defe1fccb0
Event: 50.720 Thread 0x0000028024f20a50 DEOPT UNPACKING pc=0x000002800da723a3 sp=0x000000defe1fcc50 mode 2
Event: 50.731 Thread 0x0000028024f20a50 Uncommon trap: trap_request=0xffffff45 fr.pc=0x000002801558d05c relative=0x0000000000002b1c
Event: 50.731 Thread 0x0000028024f20a50 Uncommon trap: reason=unstable_if action=reinterpret pc=0x000002801558d05c method=sun.java2d.marlin.Renderer._endRendering(II)V @ 1956 c2
Event: 50.731 Thread 0x0000028024f20a50 DEOPT PACKING pc=0x000002801558d05c sp=0x000000defe1fce20
Event: 50.731 Thread 0x0000028024f20a50 DEOPT UNPACKING pc=0x000002800da723a3 sp=0x000000defe1fcce8 mode 2
Event: 50.736 Thread 0x0000028024f20a50 Uncommon trap: trap_request=0xffffff45 fr.pc=0x000002801559ca84 relative=0x0000000000000764
Event: 50.736 Thread 0x0000028024f20a50 Uncommon trap: reason=unstable_if action=reinterpret pc=0x000002801559ca84 method=java.awt.geom.AffineTransform.transform([DI[DII)V @ 41 c2
Event: 50.736 Thread 0x0000028024f20a50 DEOPT PACKING pc=0x000002801559ca84 sp=0x000000defe1fd180
Event: 50.736 Thread 0x0000028024f20a50 DEOPT UNPACKING pc=0x000002800da723a3 sp=0x000000defe1fd0a0 mode 2
Event: 50.774 Thread 0x0000028024f20a50 Uncommon trap: trap_request=0xffffff45 fr.pc=0x000002801555f858 relative=0x0000000000000058
Event: 50.774 Thread 0x0000028024f20a50 Uncommon trap: reason=unstable_if action=reinterpret pc=0x000002801555f858 method=java.util.IdentityHashMap.isEmpty()Z @ 4 c2
Event: 50.774 Thread 0x0000028024f20a50 DEOPT PACKING pc=0x000002801555f858 sp=0x000000defe1fee20
Event: 50.774 Thread 0x0000028024f20a50 DEOPT UNPACKING pc=0x000002800da723a3 sp=0x000000defe1fedb0 mode 2

Classes unloaded (0 events):
No events

Classes redefined (0 events):
No events

Internal exceptions (20 events):
Event: 0.406 Thread 0x00000280049ccc60 Exception <a 'java/lang/ClassNotFoundException'{0x0000000088d74478}: TreeCell> (0x0000000088d74478) 
thrown [t:\workspace\open\src\hotspot\share\classfile\systemDictionary.cpp, line 256]
Event: 0.407 Thread 0x00000280049ccc60 Exception <a 'java/lang/ClassNotFoundException'{0x0000000088d74c38}: RootPane> (0x0000000088d74c38) 
thrown [t:\workspace\open\src\hotspot\share\classfile\systemDictionary.cpp, line 256]
Event: 0.410 Thread 0x00000280049ccc60 Exception <a 'java/lang/ClassNotFoundException'{0x0000000088d77a88}: com/sun/swing/internal/plaf/metal/resources/spi/metalProvider> (0x0000000088d77a88) 
thrown [t:\workspace\open\src\hotspot\share\classfile\systemDictionary.cpp, line 256]
Event: 0.411 Thread 0x00000280049ccc60 Exception <a 'java/lang/ClassNotFoundException'{0x0000000088d7b5e8}: com/sun/swing/internal/plaf/basic/resources/spi/basicProvider> (0x0000000088d7b5e8) 
thrown [t:\workspace\open\src\hotspot\share\classfile\systemDictionary.cpp, line 256]
Event: 0.657 Thread 0x0000028024f20a50 Exception <a 'java/lang/ClassNotFoundException'{0x0000000088c15820}: com/sun/swing/internal/plaf/synth/resources/spi/synthProvider> (0x0000000088c15820) 
thrown [t:\workspace\open\src\hotspot\share\classfile\systemDictionary.cpp, line 256]
Event: 0.775 Thread 0x00000280261c1a90 Exception <a 'java/lang/NoSuchMethodError'{0x0000000088bfbd80}: 'java.lang.Object java.lang.invoke.DirectMethodHandle$Holder.newInvokeSpecial(java.lang.Object, java.lang.Object, java.lang.Object, int, int, int, int, int)'> (0x0000000088bfbd80) 
thrown [t:\workspace\open\src\hotspot\share\interpreter\linkResolver.cpp, line 766]
Event: 0.804 Thread 0x0000028024ea0040 Exception <a 'java/lang/NoSuchMethodError'{0x0000000088fd7cc0}: 'void java.lang.invoke.DirectMethodHandle$Holder.invokeVirtual(java.lang.Object, java.lang.Object)'> (0x0000000088fd7cc0) 
thrown [t:\workspace\open\src\hotspot\share\interpreter\linkResolver.cpp, line 766]
Event: 0.845 Thread 0x0000028024f20a50 Exception <a 'java/lang/NoSuchMethodError'{0x0000000088913f10}: 'void java.lang.invoke.DirectMethodHandle$Holder.invokeStaticInit(java.lang.Object)'> (0x0000000088913f10) 
thrown [t:\workspace\open\src\hotspot\share\interpreter\linkResolver.cpp, line 766]
Event: 1.037 Thread 0x0000028024f20a50 Exception <a 'java/io/FileNotFoundException'{0x0000000088888f38}> (0x0000000088888f38) 
thrown [t:\workspace\open\src\hotspot\share\prims\jni.cpp, line 516]
Event: 1.043 Thread 0x0000028024f20a50 Exception <a 'java/io/FileNotFoundException'{0x000000008889f1e8}> (0x000000008889f1e8) 
thrown [t:\workspace\open\src\hotspot\share\prims\jni.cpp, line 516]
Event: 1.077 Thread 0x0000028024f20a50 Exception <a 'java/io/FileNotFoundException'{0x000000008871ff98}> (0x000000008871ff98) 
thrown [t:\workspace\open\src\hotspot\share\prims\jni.cpp, line 516]
Event: 1.081 Thread 0x0000028024f20a50 Exception <a 'java/io/FileNotFoundException'{0x0000000088735ed0}> (0x0000000088735ed0) 
thrown [t:\workspace\open\src\hotspot\share\prims\jni.cpp, line 516]
Event: 13.137 Thread 0x0000028024f20a50 Exception <a 'java/lang/NoSuchMethodError'{0x0000000088f3d2c0}: 'int java.lang.invoke.DirectMethodHandle$Holder.invokeStatic(java.lang.Object)'> (0x0000000088f3d2c0) 
thrown [t:\workspace\open\src\hotspot\share\interpreter\linkResolver.cpp, line 766]
Event: 14.013 Thread 0x0000028024f20a50 Implicit null exception at 0x000002801558334e to 0x00000280155838d6
Event: 14.014 Thread 0x0000028024f20a50 Implicit null exception at 0x00000280155749c0 to 0x0000028015575058
Event: 14.014 Thread 0x0000028024f20a50 Implicit null exception at 0x000002801558334e to 0x00000280155838d6
Event: 14.014 Thread 0x0000028024f20a50 Implicit null exception at 0x00000280155749c0 to 0x0000028015575058
Event: 14.014 Thread 0x0000028024f20a50 Implicit null exception at 0x000002801558334e to 0x00000280155838d6
Event: 50.703 Thread 0x0000028024f20a50 Exception <a 'java/lang/NoSuchMethodError'{0x0000000088d58f70}: 'java.lang.Object java.lang.invoke.DirectMethodHandle$Holder.invokeSpecial(java.lang.Object, java.lang.Object, long, java.lang.Object, java.lang.Object, java.lang.Object, int, int, java.lang.Object, java.lang.Object)'> (0x0000000088d58f70) 
thrown [t:\workspace\open\src\hotspot\share\interpreter\linkResolver.cpp, line 766]
Event: 50.704 Thread 0x0000028024f20a50 Exception <a 'java/lang/NoSuchMethodError'{0x0000000088d5da78}: 'java.lang.Object java.lang.invoke.DelegatingMethodHandle$Holder.reinvoke_L(java.lang.Object, long, java.lang.Object, java.lang.Object, java.lang.Object, int, int, java.lang.Object, java.lang.Object)'> (0x0000000088d5da78) 
thrown [t:\workspace\open\src\hotspot\share\interpreter\linkResolver.cpp, line 766]

VM Operations (20 events):
Event: 45.376 Executing VM operation: Cleanup
Event: 45.376 Executing VM operation: Cleanup done
Event: 46.382 Executing VM operation: Cleanup
Event: 46.382 Executing VM operation: Cleanup done
Event: 47.224 Executing VM operation: G1CollectForAllocation
Event: 47.230 Executing VM operation: G1CollectForAllocation done
Event: 48.247 Executing VM operation: Cleanup
Event: 48.247 Executing VM operation: Cleanup done
Event: 48.710 Executing VM operation: HandshakeAllThreads
Event: 48.710 Executing VM operation: HandshakeAllThreads done
Event: 48.711 Executing VM operation: HandshakeAllThreads
Event: 48.711 Executing VM operation: HandshakeAllThreads done
Event: 48.716 Executing VM operation: HandshakeAllThreads
Event: 48.716 Executing VM operation: HandshakeAllThreads done
Event: 49.727 Executing VM operation: Cleanup
Event: 49.727 Executing VM operation: Cleanup done
Event: 50.739 Executing VM operation: Cleanup
Event: 50.739 Executing VM operation: Cleanup done
Event: 51.747 Executing VM operation: Cleanup
Event: 51.747 Executing VM operation: Cleanup done

Events (20 events):
Event: 48.715 loading class javax/swing/plaf/basic/BasicScrollPaneUI$Handler done
Event: 48.715 loading class javax/swing/plaf/synth/SynthScrollPaneUI$ViewportViewFocusHandler
Event: 48.715 loading class javax/swing/plaf/synth/SynthScrollPaneUI$ViewportViewFocusHandler done
Event: 48.715 loading class javax/swing/plaf/synth/SynthTextAreaUI
Event: 48.715 loading class javax/swing/plaf/basic/BasicTextAreaUI
Event: 48.715 loading class javax/swing/plaf/basic/BasicTextAreaUI done
Event: 48.716 loading class javax/swing/plaf/synth/SynthTextAreaUI done
Event: 48.716 loading class javax/swing/plaf/synth/SynthTextAreaUI$Handler
Event: 48.716 loading class javax/swing/plaf/synth/SynthTextAreaUI$Handler done
Event: 48.716 loading class javax/swing/plaf/nimbus/TextAreaPainter
Event: 48.716 loading class javax/swing/plaf/nimbus/TextAreaPainter done
Event: 48.720 loading class javax/swing/JViewport$ViewListener
Event: 48.720 loading class javax/swing/JViewport$ViewListener done
Event: 48.722 Thread 0x0000028025d31b70 Thread added: 0x0000028025d31b70
Event: 48.732 loading class javax/swing/plaf/nimbus/ScrollBarButtonPainter
Event: 48.733 loading class javax/swing/plaf/nimbus/ScrollBarButtonPainter done
Event: 50.708 loading class jdk/internal/math/FDBigInteger
Event: 50.708 loading class jdk/internal/math/FDBigInteger done
Event: 50.710 loading class javax/swing/text/AbstractDocument$ElementEdit
Event: 50.710 loading class javax/swing/text/AbstractDocument$ElementEdit done


Dynamic libraries:
0x00007ff65ee10000 - 0x00007ff65ee20000 	C:\Program Files\Java\jdk-17.0.2\bin\java.exe
0x00007fff89d80000 - 0x00007fff89f89000 	C:\WINDOWS\SYSTEM32\ntdll.dll
0x00007fff88c70000 - 0x00007fff88d2d000 	C:\WINDOWS\System32\KERNEL32.DLL
0x00007fff874c0000 - 0x00007fff87839000 	C:\WINDOWS\System32\KERNELBASE.dll
0x00007fff87320000 - 0x00007fff87431000 	C:\WINDOWS\System32\ucrtbase.dll
0x00007fff77f30000 - 0x00007fff77f4a000 	C:\Program Files\Java\jdk-17.0.2\bin\VCRUNTIME140.dll
0x00007fff6e500000 - 0x00007fff6e518000 	C:\Program Files\Java\jdk-17.0.2\bin\jli.dll
0x00007fff89880000 - 0x00007fff8992e000 	C:\WINDOWS\System32\ADVAPI32.dll
0x00007fff87c10000 - 0x00007fff87cb3000 	C:\WINDOWS\System32\msvcrt.dll
0x00007fff89020000 - 0x00007fff890be000 	C:\WINDOWS\System32\sechost.dll
0x00007fff88940000 - 0x00007fff88a60000 	C:\WINDOWS\System32\RPCRT4.dll
0x00007fff88150000 - 0x00007fff882fc000 	C:\WINDOWS\System32\USER32.dll
0x00007fff87840000 - 0x00007fff87866000 	C:\WINDOWS\System32\win32u.dll
0x00007fff88ff0000 - 0x00007fff89019000 	C:\WINDOWS\System32\GDI32.dll
0x00007fff87a80000 - 0x00007fff87b92000 	C:\WINDOWS\System32\gdi32full.dll
0x00007fff87870000 - 0x00007fff8790d000 	C:\WINDOWS\System32\msvcp_win.dll
0x00007fff6f140000 - 0x00007fff6f3e5000 	C:\WINDOWS\WinSxS\amd64_microsoft.windows.common-controls_6595b64144ccf1df_6.0.22000.120_none_9d947278b86cc467\COMCTL32.dll
0x00007fff80220000 - 0x00007fff8022a000 	C:\WINDOWS\SYSTEM32\VERSION.dll
0x00007fff88c20000 - 0x00007fff88c51000 	C:\WINDOWS\System32\IMM32.DLL
0x00007fff828f0000 - 0x00007fff828fc000 	C:\Program Files\Java\jdk-17.0.2\bin\vcruntime140_1.dll
0x00007fff5b3c0000 - 0x00007fff5b44d000 	C:\Program Files\Java\jdk-17.0.2\bin\msvcp140.dll
0x00007fff23210000 - 0x00007fff23dd1000 	C:\Program Files\Java\jdk-17.0.2\bin\server\jvm.dll
0x00007fff88c60000 - 0x00007fff88c68000 	C:\WINDOWS\System32\PSAPI.DLL
0x00007fff83180000 - 0x00007fff83189000 	C:\WINDOWS\SYSTEM32\WSOCK32.dll
0x00007fff89cd0000 - 0x00007fff89d3f000 	C:\WINDOWS\System32\WS2_32.dll
0x00007fff82750000 - 0x00007fff82783000 	C:\WINDOWS\SYSTEM32\WINMM.dll
0x00007fff86450000 - 0x00007fff86468000 	C:\WINDOWS\SYSTEM32\kernel.appcore.dll
0x00007fff7f5f0000 - 0x00007fff7f5fa000 	C:\Program Files\Java\jdk-17.0.2\bin\jimage.dll
0x00007fff84f40000 - 0x00007fff85161000 	C:\WINDOWS\SYSTEM32\DBGHELP.DLL
0x00007fff83140000 - 0x00007fff83171000 	C:\WINDOWS\SYSTEM32\dbgcore.DLL
0x00007fff87440000 - 0x00007fff874bf000 	C:\WINDOWS\System32\bcryptPrimitives.dll
0x00007fff6c1d0000 - 0x00007fff6c1f5000 	C:\Program Files\Java\jdk-17.0.2\bin\java.dll
0x00007fff5b450000 - 0x00007fff5b526000 	C:\Program Files\Java\jdk-17.0.2\bin\jsvml.dll
0x00007fff890c0000 - 0x00007fff89878000 	C:\WINDOWS\System32\SHELL32.dll
0x00007fff853d0000 - 0x00007fff85c38000 	C:\WINDOWS\SYSTEM32\windows.storage.dll
0x00007fff88530000 - 0x00007fff888a9000 	C:\WINDOWS\System32\combase.dll
0x00007fff85260000 - 0x00007fff853c6000 	C:\WINDOWS\SYSTEM32\wintypes.dll
0x00007fff88d30000 - 0x00007fff88e1a000 	C:\WINDOWS\System32\SHCORE.dll
0x00007fff89aa0000 - 0x00007fff89afd000 	C:\WINDOWS\System32\shlwapi.dll
0x00007fff87190000 - 0x00007fff871b1000 	C:\WINDOWS\SYSTEM32\profapi.dll
0x00007fff6c510000 - 0x00007fff6c529000 	C:\Program Files\Java\jdk-17.0.2\bin\net.dll
0x00007fff80da0000 - 0x00007fff80eac000 	C:\WINDOWS\SYSTEM32\WINHTTP.dll
0x00007fff86880000 - 0x00007fff868e7000 	C:\WINDOWS\system32\mswsock.dll
0x00007fff6b7d0000 - 0x00007fff6b7e6000 	C:\Program Files\Java\jdk-17.0.2\bin\nio.dll
0x00007fff24d30000 - 0x00007fff24ebf000 	C:\Program Files\Java\jdk-17.0.2\bin\awt.dll
0x00007fff88ae0000 - 0x00007fff88bb6000 	C:\WINDOWS\System32\OLEAUT32.dll
0x00007fff836f0000 - 0x00007fff83781000 	C:\WINDOWS\SYSTEM32\apphelp.dll
0x00007fff84510000 - 0x00007fff845bc000 	C:\WINDOWS\system32\uxtheme.dll
0x00007fff89bb0000 - 0x00007fff89cce000 	C:\WINDOWS\System32\MSCTF.dll
0x00007fff88300000 - 0x00007fff8849a000 	C:\WINDOWS\System32\ole32.dll
0x00007fff84a60000 - 0x00007fff84a8f000 	C:\WINDOWS\system32\DWMAPI.DLL
0x00007fff622c0000 - 0x00007fff62349000 	C:\Program Files\Java\jdk-17.0.2\bin\freetype.dll
0x00007fff59150000 - 0x00007fff591f8000 	C:\Program Files\Java\jdk-17.0.2\bin\fontmanager.dll
0x00007fff47320000 - 0x00007fff47421000 	C:\WINDOWS\system32\opengl32.dll
0x00007fff5c640000 - 0x00007fff5c66d000 	C:\WINDOWS\SYSTEM32\GLU32.dll
0x00007fff84610000 - 0x00007fff84648000 	C:\WINDOWS\SYSTEM32\dxcore.dll
0x00007fff77900000 - 0x00007fff77aa6000 	C:\WINDOWS\system32\d3d9.dll
0x00007fff7d260000 - 0x00007fff7d362000 	C:\WINDOWS\System32\DriverStore\FileRepository\nvlt.inf_amd64_04baa46c48be5bb8\nvldumdx.dll
0x00007fff86b20000 - 0x00007fff86b32000 	C:\WINDOWS\SYSTEM32\msasn1.dll
0x00007fff801e0000 - 0x00007fff80211000 	C:\WINDOWS\SYSTEM32\cryptnet.dll
0x00007fff87910000 - 0x00007fff87a72000 	C:\WINDOWS\System32\CRYPT32.dll
0x00007fff86ac0000 - 0x00007fff86acc000 	C:\WINDOWS\SYSTEM32\cryptbase.dll
0x00007fff87ba0000 - 0x00007fff87c07000 	C:\WINDOWS\System32\WINTRUST.DLL
0x00007fff88510000 - 0x00007fff8852f000 	C:\WINDOWS\System32\imagehlp.dll
0x00007fff86ad0000 - 0x00007fff86ae8000 	C:\WINDOWS\SYSTEM32\CRYPTSP.dll
0x00007fff863b0000 - 0x00007fff863e5000 	C:\WINDOWS\system32\rsaenh.dll
0x00007fff86c40000 - 0x00007fff86c67000 	C:\WINDOWS\SYSTEM32\bcrypt.dll
0x00007fff134e0000 - 0x00007fff14efc000 	C:\WINDOWS\System32\DriverStore\FileRepository\nvlt.inf_amd64_04baa46c48be5bb8\nvd3dumx.dll
0x00007fff80020000 - 0x00007fff80064000 	C:\WINDOWS\SYSTEM32\directxdatabasehelper.dll
0x00007fff84770000 - 0x00007fff847a4000 	C:\WINDOWS\SYSTEM32\ntmarta.dll
0x00007fff54e90000 - 0x00007fff55147000 	C:\WINDOWS\system32\nvspcap64.dll
0x00007fff86910000 - 0x00007fff86934000 	C:\WINDOWS\SYSTEM32\gpapi.dll
0x00007fff6b7b0000 - 0x00007fff6b7c8000 	C:\Program Files\Java\jdk-17.0.2\bin\zip.dll
0x00007fff69760000 - 0x00007fff6978d000 	C:\Program Files\Java\jdk-17.0.2\bin\javajpeg.dll
0x00007fff6e0a0000 - 0x00007fff6e1cd000 	C:\WINDOWS\SYSTEM32\textinputframework.dll
0x00007fff824e0000 - 0x00007fff82612000 	C:\WINDOWS\SYSTEM32\CoreMessaging.dll
0x00007fff7e710000 - 0x00007fff7ea7d000 	C:\WINDOWS\SYSTEM32\CoreUIComponents.dll
0x00007fff89b00000 - 0x00007fff89baf000 	C:\WINDOWS\System32\clbcatq.dll
0x00007fff7d980000 - 0x00007fff7db2e000 	C:\WINDOWS\SYSTEM32\WindowsCodecs.dll
0x00007fff59680000 - 0x00007fff596dd000 	C:\WINDOWS\system32\dataexchange.dll
0x00007fff83480000 - 0x00007fff836e6000 	C:\WINDOWS\system32\twinapi.appcore.dll

dbghelp: loaded successfully - version: 4.0.5 - missing functions: none
symbol engine: initialized successfully - sym options: 0x614 - pdb path: .;C:\Program Files\Java\jdk-17.0.2\bin;C:\WINDOWS\SYSTEM32;C:\WINDOWS\WinSxS\amd64_microsoft.windows.common-controls_6595b64144ccf1df_6.0.22000.120_none_9d947278b86cc467;C:\Program Files\Java\jdk-17.0.2\bin\server;C:\WINDOWS\System32\DriverStore\FileRepository\nvlt.inf_amd64_04baa46c48be5bb8

VM Arguments:
jvm_args: -Dfile.encoding=UTF-8 --module-path=C:\Users\Thiag\OneDrive\Documentos\NetBeansProjects\ThiagoThalesLaraValentina\build\classes 
java_command: thiagothalesvalentinalara.JanelaUm
java_class_path (initial): C:\Users\Thiag\OneDrive\Documentos\NetBeansProjects\ThiagoThalesLaraValentina\build\classes
Launcher Type: SUN_STANDARD

[Global flags]
     intx CICompilerCount                          = 3                                         {product} {ergonomic}
     uint ConcGCThreads                            = 1                                         {product} {ergonomic}
     uint G1ConcRefinementThreads                  = 4                                         {product} {ergonomic}
   size_t G1HeapRegionSize                         = 1048576                                   {product} {ergonomic}
    uintx GCDrainStackTargetSize                   = 64                                        {product} {ergonomic}
   size_t InitialHeapSize                          = 134217728                                 {product} {ergonomic}
   size_t MarkStackSize                            = 4194304                                   {product} {ergonomic}
   size_t MaxHeapSize                              = 2128609280                                {product} {ergonomic}
   size_t MaxNewSize                               = 1277165568                                {product} {ergonomic}
   size_t MinHeapDeltaBytes                        = 1048576                                   {product} {ergonomic}
   size_t MinHeapSize                              = 8388608                                   {product} {ergonomic}
    uintx NonNMethodCodeHeapSize                   = 5832780                                {pd product} {ergonomic}
    uintx NonProfiledCodeHeapSize                  = 122912730                              {pd product} {ergonomic}
    uintx ProfiledCodeHeapSize                     = 122912730                              {pd product} {ergonomic}
    uintx ReservedCodeCacheSize                    = 251658240                              {pd product} {ergonomic}
     bool SegmentedCodeCache                       = true                                      {product} {ergonomic}
   size_t SoftMaxHeapSize                          = 2128609280                             {manageable} {ergonomic}
     bool UseCompressedClassPointers               = true                           {product lp64_product} {ergonomic}
     bool UseCompressedOops                        = true                           {product lp64_product} {ergonomic}
     bool UseG1GC                                  = true                                      {product} {ergonomic}
     bool UseLargePagesIndividualAllocation        = false                                  {pd product} {ergonomic}

Logging:
Log output configuration:
 #0: stdout all=warning uptime,level,tags
 #1: stderr all=off uptime,level,tags

Environment Variables:
PATH=C:\Program Files\Common Files\Oracle\Java\javapath;C:\Program Files (x86)\Common Files\Oracle\Java\javapath;C:\Windows\system32;C:\Windows;C:\Windows\System32\Wbem;C:\Windows\System32\WindowsPowerShell\v1.0\;C:\Windows\System32\OpenSSH\;C:\Program Files (x86)\NVIDIA Corporation\PhysX\Common;C:\Program Files\NVIDIA Corporation\NVIDIA NvDLISR;;C:\WINDOWS\system32;C:\WINDOWS;C:\WINDOWS\System32\Wbem;C:\WINDOWS\System32\WindowsPowerShell\v1.0\;C:\WINDOWS\System32\OpenSSH\;C:\Users\Thiag\AppData\Local\Programs\Python\Python39\Scripts\;C:\Users\Thiag\AppData\Local\Programs\Python\Python39\;C:\Users\Thiag\AppData\Local\Microsoft\WindowsApps;
USERNAME=Thiag
OS=Windows_NT
PROCESSOR_IDENTIFIER=Intel64 Family 6 Model 158 Stepping 13, GenuineIntel



---------------  S Y S T E M  ---------------

OS:
 Windows 11 , 64 bit Build 22000 (10.0.22000.708)
OS uptime: 6 days 16:52 hours

CPU: total 4 (initial active 4) (4 cores per cpu, 2 threads per core) family 6 model 158 stepping 13 microcode 0xde, cx8, cmov, fxsr, ht, mmx, 3dnowpref, sse, sse2, sse3, ssse3, sse4.1, sse4.2, popcnt, lzcnt, tsc, tscinvbit, avx, avx2, aes, erms, clmul, bmi1, bmi2, adx, fma, vzeroupper, clflush, clflushopt

Memory: 4k page, system-wide physical 8112M (2233M free)
TotalPageFile size 10312M (AvailPageFile size 5M)
current process WorkingSet (physical memory assigned to process): 127M, peak: 127M
current process commit charge ("private bytes"): 286M, peak: 287M

vm_info: Java HotSpot(TM) 64-Bit Server VM (17.0.2+8-LTS-86) for windows-amd64 JRE (17.0.2+8-LTS-86), built on Dec  7 2021 21:51:03 by "mach5one" with MS VC++ 16.8 / 16.9 (VS2019)

END.
